ayushmaan_fcb@Ayushmaan-Workstation:/mnt/d/MulticoreWare/FTTU-Interns/Ayushmaan_Das/Deep_Learning_Operators_Layers/build$ cmake ..
-- The C compiler identification is GNU 13.3.0
-- The CXX compiler identification is GNU 13.3.0
-- Detecting C compiler ABI info
-- Detecting C compiler ABI info - done
-- Check for working C compiler: /usr/bin/cc - skipped
-- Detecting C compile features
-- Detecting C compile features - done
-- Detecting CXX compiler ABI info
-- Detecting CXX compiler ABI info - done
-- Check for working CXX compiler: /usr/bin/c++ - skipped
-- Detecting CXX compile features
-- Detecting CXX compile features - done
-- Found OpenCV: /usr (found version "4.6.0")
-- Found Torch: /mnt/d/MulticoreWare/libtorch/lib/libtorch.so
-- Configuring done (8.3s)
-- Generating done (0.4s)
-- Build files have been written to: /mnt/d/MulticoreWare/FTTU-Interns/Ayushmaan_Das/Deep_Learning_Operators_Layers/build
ayushmaan_fcb@Ayushmaan-Workstation:/mnt/d/MulticoreWare/FTTU-Interns/Ayushmaan_Das/Deep_Learning_Operators_Layers/build$ make
[ 50%] Building CXX object CMakeFiles/FashionMNIST.dir/layer_wise_dumping/using_onnx_runtime.cpp.o
[100%] Linking CXX executable FashionMNIST
[100%] Built target FashionMNIST
ayushmaan_fcb@Ayushmaan-Workstation:/mnt/d/MulticoreWare/FTTU-Interns/Ayushmaan_Das/Deep_Learning_Operators_Layers/build$ ./FashionMNIST
Model Version: 9223372036854775807
Graph Name: tf2onnx
Number of Inputs: 1
Input 0 Shape: -1 28 28 1
Input 0 Type: FLOAT
Number of Outputs: 1
Output 0 Shape: -1 10
Output 0 Type: FLOAT
ayushmaan_fcb@Ayushmaan-Workstation:/mnt/d/MulticoreWare/FTTU-Interns/Ayushmaan_Das/Deep_Learning_Operators_Layers/build$