(.venv) ayushmaan_fcb@Ayushmaan-Workstation:/mnt/d/MulticoreWare/FTTU-interns/Ayushmaan_Das/tvm_assignments$ python3 main.py
2025-02-03 04:23:23,555 - INFO - Starting TVM model processing pipeline...
2025-02-03 04:23:23,556 - INFO - Loading ONNX model from models/hypertuned_resnet34_fashion_mnist.onnx
2025-02-03 04:23:24,267 - INFO - Successfully loaded ONNX model.
2025-02-03 04:23:24,267 - INFO - Converting ONNX model to TVM Relay format...
2025-02-03 04:23:26,916 - INFO - Using transpose.generic for transpose based on highest priority (10)
2025-02-03 04:23:28,833 - INFO - Successfully converted ONNX model to TVM Relay format.
2025-02-03 04:23:28,837 - INFO - Applying optimization passes...
2025-02-03 04:23:28,986 - INFO - Using injective.cpu for squeeze based on highest priority (10)
2025-02-03 04:23:29,084 - INFO - Using injective.cpu for expand_dims based on highest priority (10)
2025-02-03 04:23:29,165 - INFO - Using injective.cpu for multiply based on highest priority (10)
2025-02-03 04:23:29,261 - INFO - Using injective.cpu for multiply based on highest priority (10)
2025-02-03 04:23:29,328 - INFO - Using injective.cpu for squeeze based on highest priority (10)
2025-02-03 04:23:29,381 - INFO - Using injective.cpu for expand_dims based on highest priority (10)
2025-02-03 04:23:29,438 - INFO - Using injective.cpu for multiply based on highest priority (10)
2025-02-03 04:23:29,512 - INFO - Using injective.cpu for multiply based on highest priority (10)
2025-02-03 04:23:29,576 - INFO - Using injective.cpu for squeeze based on highest priority (10)
2025-02-03 04:23:29,661 - INFO - Using injective.cpu for expand_dims based on highest priority (10)
2025-02-03 04:23:29,731 - INFO - Using injective.cpu for multiply based on highest priority (10)
2025-02-03 04:23:29,814 - INFO - Using injective.cpu for multiply based on highest priority (10)
2025-02-03 04:23:29,864 - INFO - Using injective.cpu for squeeze based on highest priority (10)
2025-02-03 04:23:29,910 - INFO - Using injective.cpu for expand_dims based on highest priority (10)
2025-02-03 04:23:29,965 - INFO - Using injective.cpu for multiply based on highest priority (10)
2025-02-03 04:23:30,028 - INFO - Using injective.cpu for multiply based on highest priority (10)
2025-02-03 04:23:30,074 - INFO - Using injective.cpu for squeeze based on highest priority (10)
2025-02-03 04:23:30,120 - INFO - Using injective.cpu for expand_dims based on highest priority (10)
2025-02-03 04:23:30,184 - INFO - Using injective.cpu for multiply based on highest priority (10)
2025-02-03 04:23:30,259 - INFO - Using injective.cpu for multiply based on highest priority (10)
2025-02-03 04:23:30,308 - INFO - Using injective.cpu for squeeze based on highest priority (10)
2025-02-03 04:23:30,369 - INFO - Using injective.cpu for expand_dims based on highest priority (10)
2025-02-03 04:23:30,429 - INFO - Using injective.cpu for multiply based on highest priority (10)
2025-02-03 04:23:30,497 - INFO - Using injective.cpu for multiply based on highest priority (10)
2025-02-03 04:23:30,547 - INFO - Using injective.cpu for squeeze based on highest priority (10)
2025-02-03 04:23:30,593 - INFO - Using injective.cpu for expand_dims based on highest priority (10)
2025-02-03 04:23:30,671 - INFO - Using injective.cpu for multiply based on highest priority (10)
2025-02-03 04:23:30,744 - INFO - Using injective.cpu for multiply based on highest priority (10)
2025-02-03 04:23:30,804 - INFO - Using injective.cpu for squeeze based on highest priority (10)
2025-02-03 04:23:30,860 - INFO - Using injective.cpu for expand_dims based on highest priority (10)
2025-02-03 04:23:30,937 - INFO - Using injective.cpu for multiply based on highest priority (10)
2025-02-03 04:23:31,010 - INFO - Using injective.cpu for multiply based on highest priority (10)
2025-02-03 04:23:31,070 - INFO - Using injective.cpu for squeeze based on highest priority (10)
2025-02-03 04:23:31,117 - INFO - Using injective.cpu for expand_dims based on highest priority (10)
2025-02-03 04:23:31,181 - INFO - Using injective.cpu for multiply based on highest priority (10)
2025-02-03 04:23:31,265 - INFO - Using injective.cpu for multiply based on highest priority (10)
2025-02-03 04:23:31,355 - INFO - Using injective.cpu for squeeze based on highest priority (10)
2025-02-03 04:23:31,402 - INFO - Using injective.cpu for expand_dims based on highest priority (10)
2025-02-03 04:23:31,450 - INFO - Using injective.cpu for multiply based on highest priority (10)
2025-02-03 04:23:31,528 - INFO - Using injective.cpu for multiply based on highest priority (10)
2025-02-03 04:23:31,573 - INFO - Using injective.cpu for squeeze based on highest priority (10)
2025-02-03 04:23:31,619 - INFO - Using injective.cpu for expand_dims based on highest priority (10)
2025-02-03 04:23:31,669 - INFO - Using injective.cpu for multiply based on highest priority (10)
2025-02-03 04:23:31,749 - INFO - Using injective.cpu for multiply based on highest priority (10)
2025-02-03 04:23:31,833 - INFO - Using injective.cpu for squeeze based on highest priority (10)
2025-02-03 04:23:31,881 - INFO - Using injective.cpu for expand_dims based on highest priority (10)
2025-02-03 04:23:31,941 - INFO - Using injective.cpu for multiply based on highest priority (10)
2025-02-03 04:23:32,007 - INFO - Using injective.cpu for multiply based on highest priority (10)
2025-02-03 04:23:32,071 - INFO - Using injective.cpu for squeeze based on highest priority (10)
2025-02-03 04:23:32,115 - INFO - Using injective.cpu for expand_dims based on highest priority (10)
2025-02-03 04:23:32,169 - INFO - Using injective.cpu for multiply based on highest priority (10)
2025-02-03 04:23:32,233 - INFO - Using injective.cpu for multiply based on highest priority (10)
2025-02-03 04:23:32,294 - INFO - Using injective.cpu for squeeze based on highest priority (10)
2025-02-03 04:23:32,348 - INFO - Using injective.cpu for expand_dims based on highest priority (10)
2025-02-03 04:23:32,418 - INFO - Using injective.cpu for multiply based on highest priority (10)
2025-02-03 04:23:32,480 - INFO - Using injective.cpu for multiply based on highest priority (10)
2025-02-03 04:23:32,528 - INFO - Using injective.cpu for squeeze based on highest priority (10)
2025-02-03 04:23:32,577 - INFO - Using injective.cpu for expand_dims based on highest priority (10)
2025-02-03 04:23:32,634 - INFO - Using injective.cpu for multiply based on highest priority (10)
2025-02-03 04:23:32,705 - INFO - Using injective.cpu for multiply based on highest priority (10)
2025-02-03 04:23:32,779 - INFO - Using injective.cpu for squeeze based on highest priority (10)
2025-02-03 04:23:32,849 - INFO - Using injective.cpu for expand_dims based on highest priority (10)
2025-02-03 04:23:32,926 - INFO - Using injective.cpu for multiply based on highest priority (10)
2025-02-03 04:23:33,077 - INFO - Using injective.cpu for multiply based on highest priority (10)
2025-02-03 04:23:33,158 - INFO - Using injective.cpu for squeeze based on highest priority (10)
2025-02-03 04:23:33,213 - INFO - Using injective.cpu for expand_dims based on highest priority (10)
2025-02-03 04:23:33,287 - INFO - Using injective.cpu for multiply based on highest priority (10)
2025-02-03 04:23:33,360 - INFO - Using injective.cpu for multiply based on highest priority (10)
2025-02-03 04:23:33,411 - INFO - Using injective.cpu for squeeze based on highest priority (10)
2025-02-03 04:23:33,463 - INFO - Using injective.cpu for expand_dims based on highest priority (10)
2025-02-03 04:23:33,518 - INFO - Using injective.cpu for multiply based on highest priority (10)
2025-02-03 04:23:33,640 - INFO - Using injective.cpu for multiply based on highest priority (10)
2025-02-03 04:23:33,698 - INFO - Using injective.cpu for squeeze based on highest priority (10)
2025-02-03 04:23:33,755 - INFO - Using injective.cpu for expand_dims based on highest priority (10)
2025-02-03 04:23:33,820 - INFO - Using injective.cpu for multiply based on highest priority (10)
2025-02-03 04:23:33,880 - INFO - Using injective.cpu for multiply based on highest priority (10)
2025-02-03 04:23:33,936 - INFO - Using injective.cpu for squeeze based on highest priority (10)
2025-02-03 04:23:33,985 - INFO - Using injective.cpu for expand_dims based on highest priority (10)
2025-02-03 04:23:34,035 - INFO - Using injective.cpu for multiply based on highest priority (10)
2025-02-03 04:23:34,115 - INFO - Using injective.cpu for multiply based on highest priority (10)
2025-02-03 04:23:34,162 - INFO - Using injective.cpu for squeeze based on highest priority (10)
2025-02-03 04:23:34,212 - INFO - Using injective.cpu for expand_dims based on highest priority (10)
2025-02-03 04:23:34,268 - INFO - Using injective.cpu for multiply based on highest priority (10)
2025-02-03 04:23:34,348 - INFO - Using injective.cpu for multiply based on highest priority (10)
2025-02-03 04:23:34,400 - INFO - Using injective.cpu for squeeze based on highest priority (10)
2025-02-03 04:23:34,455 - INFO - Using injective.cpu for expand_dims based on highest priority (10)
2025-02-03 04:23:34,505 - INFO - Using injective.cpu for multiply based on highest priority (10)
2025-02-03 04:23:34,581 - INFO - Using injective.cpu for multiply based on highest priority (10)
2025-02-03 04:23:34,632 - INFO - Using injective.cpu for squeeze based on highest priority (10)
2025-02-03 04:23:34,682 - INFO - Using injective.cpu for expand_dims based on highest priority (10)
2025-02-03 04:23:34,736 - INFO - Using injective.cpu for multiply based on highest priority (10)
2025-02-03 04:23:34,832 - INFO - Using injective.cpu for multiply based on highest priority (10)
2025-02-03 04:23:34,889 - INFO - Using injective.cpu for squeeze based on highest priority (10)
2025-02-03 04:23:34,945 - INFO - Using injective.cpu for expand_dims based on highest priority (10)
2025-02-03 04:23:34,999 - INFO - Using injective.cpu for multiply based on highest priority (10)
2025-02-03 04:23:35,078 - INFO - Using injective.cpu for multiply based on highest priority (10)
2025-02-03 04:23:35,124 - INFO - Using injective.cpu for squeeze based on highest priority (10)
2025-02-03 04:23:35,171 - INFO - Using injective.cpu for expand_dims based on highest priority (10)
2025-02-03 04:23:35,219 - INFO - Using injective.cpu for multiply based on highest priority (10)
2025-02-03 04:23:35,294 - INFO - Using injective.cpu for multiply based on highest priority (10)
2025-02-03 04:23:35,340 - INFO - Using injective.cpu for squeeze based on highest priority (10)
2025-02-03 04:23:35,385 - INFO - Using injective.cpu for expand_dims based on highest priority (10)
2025-02-03 04:23:35,433 - INFO - Using injective.cpu for multiply based on highest priority (10)
2025-02-03 04:23:35,506 - INFO - Using injective.cpu for multiply based on highest priority (10)
2025-02-03 04:23:35,552 - INFO - Using injective.cpu for squeeze based on highest priority (10)
2025-02-03 04:23:35,599 - INFO - Using injective.cpu for expand_dims based on highest priority (10)
2025-02-03 04:23:35,646 - INFO - Using injective.cpu for multiply based on highest priority (10)
2025-02-03 04:23:35,714 - INFO - Using injective.cpu for multiply based on highest priority (10)
2025-02-03 04:23:35,769 - INFO - Using injective.cpu for squeeze based on highest priority (10)
2025-02-03 04:23:35,819 - INFO - Using injective.cpu for expand_dims based on highest priority (10)
2025-02-03 04:23:35,918 - INFO - Using injective.cpu for multiply based on highest priority (10)
2025-02-03 04:23:36,002 - INFO - Using injective.cpu for multiply based on highest priority (10)
2025-02-03 04:23:36,049 - INFO - Using injective.cpu for squeeze based on highest priority (10)
2025-02-03 04:23:36,100 - INFO - Using injective.cpu for expand_dims based on highest priority (10)
2025-02-03 04:23:36,150 - INFO - Using injective.cpu for multiply based on highest priority (10)
2025-02-03 04:23:36,217 - INFO - Using injective.cpu for multiply based on highest priority (10)
2025-02-03 04:23:36,263 - INFO - Using injective.cpu for squeeze based on highest priority (10)
2025-02-03 04:23:36,310 - INFO - Using injective.cpu for expand_dims based on highest priority (10)
2025-02-03 04:23:36,358 - INFO - Using injective.cpu for multiply based on highest priority (10)
2025-02-03 04:23:36,423 - INFO - Using injective.cpu for multiply based on highest priority (10)
2025-02-03 04:23:36,471 - INFO - Using injective.cpu for squeeze based on highest priority (10)
2025-02-03 04:23:36,523 - INFO - Using injective.cpu for expand_dims based on highest priority (10)
2025-02-03 04:23:36,573 - INFO - Using injective.cpu for multiply based on highest priority (10)
2025-02-03 04:23:36,644 - INFO - Using injective.cpu for multiply based on highest priority (10)
2025-02-03 04:23:36,691 - INFO - Using injective.cpu for squeeze based on highest priority (10)
2025-02-03 04:23:36,738 - INFO - Using injective.cpu for expand_dims based on highest priority (10)
2025-02-03 04:23:36,785 - INFO - Using injective.cpu for multiply based on highest priority (10)
2025-02-03 04:23:36,844 - INFO - Using injective.cpu for multiply based on highest priority (10)
2025-02-03 04:23:36,893 - INFO - Using injective.cpu for squeeze based on highest priority (10)
2025-02-03 04:23:36,941 - INFO - Using injective.cpu for expand_dims based on highest priority (10)
2025-02-03 04:23:36,990 - INFO - Using injective.cpu for multiply based on highest priority (10)
2025-02-03 04:23:37,058 - INFO - Using injective.cpu for multiply based on highest priority (10)
2025-02-03 04:23:37,108 - INFO - Using injective.cpu for squeeze based on highest priority (10)
2025-02-03 04:23:37,157 - INFO - Using injective.cpu for expand_dims based on highest priority (10)
2025-02-03 04:23:37,211 - INFO - Using injective.cpu for multiply based on highest priority (10)
2025-02-03 04:23:37,286 - INFO - Using injective.cpu for multiply based on highest priority (10)
2025-02-03 04:23:37,337 - INFO - Using injective.cpu for squeeze based on highest priority (10)
2025-02-03 04:23:37,388 - INFO - Using injective.cpu for expand_dims based on highest priority (10)
2025-02-03 04:23:37,442 - INFO - Using injective.cpu for multiply based on highest priority (10)
2025-02-03 04:23:37,519 - INFO - Using injective.cpu for multiply based on highest priority (10)
2025-02-03 04:23:37,567 - INFO - Using injective.cpu for squeeze based on highest priority (10)
2025-02-03 04:23:37,613 - INFO - Using injective.cpu for expand_dims based on highest priority (10)
2025-02-03 04:23:37,663 - INFO - Using injective.cpu for multiply based on highest priority (10)
2025-02-03 04:23:37,734 - INFO - Using injective.cpu for multiply based on highest priority (10)
2025-02-03 04:23:37,806 - INFO - Optimization passes applied.
2025-02-03 04:23:37,833 - INFO - Relay IR saved to relay_ir.txt
2025-02-03 04:23:37,833 - INFO - Compiling the model with LLVM...
2025-02-03 04:23:38,766 - WARNING - One or more operators have not been tuned. Please tune your model for better performance. Use DEBUG logging level to see more details.
2025-02-03 04:23:38,766 - INFO - Using dense_pack.x86 for nn.dense based on highest priority (10)
2025-02-03 04:23:38,793 - INFO - Using conv2d_nchw.x86 for nn.conv2d based on highest priority (10)
2025-02-03 04:23:38,801 - INFO - Using conv2d_nchw.x86 for nn.conv2d based on highest priority (10)
2025-02-03 04:23:38,809 - INFO - Using conv2d_nchw.x86 for nn.conv2d based on highest priority (10)
2025-02-03 04:23:38,816 - INFO - Using conv2d_nchw.x86 for nn.conv2d based on highest priority (10)
2025-02-03 04:23:38,823 - INFO - Using conv2d_nchw.x86 for nn.conv2d based on highest priority (10)
2025-02-03 04:23:38,830 - INFO - Using conv2d_nchw.x86 for nn.conv2d based on highest priority (10)
2025-02-03 04:23:38,837 - INFO - Using conv2d_nchw.x86 for nn.conv2d based on highest priority (10)
2025-02-03 04:23:38,845 - INFO - Using conv2d_nchw.x86 for nn.conv2d based on highest priority (10)
2025-02-03 04:23:38,852 - INFO - Using conv2d_nchw.x86 for nn.conv2d based on highest priority (10)
2025-02-03 04:23:38,859 - INFO - Using conv2d_nchw.x86 for nn.conv2d based on highest priority (10)
2025-02-03 04:23:38,881 - INFO - Using conv2d_nchw.x86 for nn.conv2d based on highest priority (10)
2025-02-03 04:23:38,889 - INFO - Using conv2d_nchw.x86 for nn.conv2d based on highest priority (10)
2025-02-03 04:23:38,899 - INFO - Using conv2d_nchw.x86 for nn.conv2d based on highest priority (10)
2025-02-03 04:23:38,907 - INFO - Using conv2d_nchw.x86 for nn.conv2d based on highest priority (10)
2025-02-03 04:23:38,914 - INFO - Using conv2d_nchw.x86 for nn.conv2d based on highest priority (10)
2025-02-03 04:23:38,923 - INFO - Using conv2d_nchw.x86 for nn.conv2d based on highest priority (10)
2025-02-03 04:23:38,930 - INFO - Using conv2d_nchw.x86 for nn.conv2d based on highest priority (10)
2025-02-03 04:23:38,939 - INFO - Using conv2d_nchw.x86 for nn.conv2d based on highest priority (10)
2025-02-03 04:23:38,947 - INFO - Using conv2d_nchw.x86 for nn.conv2d based on highest priority (10)
2025-02-03 04:23:38,969 - INFO - Using conv2d_nchw.x86 for nn.conv2d based on highest priority (10)
2025-02-03 04:23:38,977 - INFO - Using conv2d_nchw.x86 for nn.conv2d based on highest priority (10)
2025-02-03 04:23:38,984 - INFO - Using conv2d_nchw.x86 for nn.conv2d based on highest priority (10)
2025-02-03 04:23:38,991 - INFO - Using conv2d_nchw.x86 for nn.conv2d based on highest priority (10)
2025-02-03 04:23:39,000 - INFO - Using conv2d_nchw.x86 for nn.conv2d based on highest priority (10)
2025-02-03 04:23:39,007 - INFO - Using conv2d_nchw.x86 for nn.conv2d based on highest priority (10)
2025-02-03 04:23:39,015 - INFO - Using conv2d_nchw.x86 for nn.conv2d based on highest priority (10)
2025-02-03 04:23:39,021 - INFO - Using conv2d_nchw.x86 for nn.conv2d based on highest priority (10)
2025-02-03 04:23:39,028 - INFO - Using conv2d_nchw.x86 for nn.conv2d based on highest priority (10)
2025-02-03 04:23:39,048 - INFO - Using conv2d_nchw.x86 for nn.conv2d based on highest priority (10)
2025-02-03 04:23:39,056 - INFO - Using conv2d_nchw.x86 for nn.conv2d based on highest priority (10)
2025-02-03 04:23:39,063 - INFO - Using conv2d_nchw.x86 for nn.conv2d based on highest priority (10)
2025-02-03 04:23:39,070 - INFO - Using conv2d_nchw.x86 for nn.conv2d based on highest priority (10)
2025-02-03 04:23:39,077 - INFO - Using conv2d_nchw.x86 for nn.conv2d based on highest priority (10)
2025-02-03 04:23:39,099 - INFO - Using conv2d_nchw.x86 for nn.conv2d based on highest priority (10)
2025-02-03 04:23:39,107 - INFO - Using conv2d_nchw.x86 for nn.conv2d based on highest priority (10)
2025-02-03 04:23:39,114 - INFO - Using conv2d_nchw.x86 for nn.conv2d based on highest priority (10)
2025-02-03 04:23:39,432 - INFO - Using injective.cpu for reshape based on highest priority (10)
2025-02-03 04:23:39,444 - INFO - Using injective.cpu for layout_transform based on highest priority (10)
2025-02-03 04:23:39,450 - INFO - Using injective.cpu for layout_transform based on highest priority (10)
2025-02-03 04:23:39,459 - INFO - Using conv2d_NCHWc.x86 for nn.contrib_conv2d_NCHWc based on highest priority (10)
2025-02-03 04:23:39,462 - INFO - Using injective.cpu for expand_dims based on highest priority (10)
2025-02-03 04:23:39,467 - INFO - Using injective.cpu for expand_dims based on highest priority (10)
2025-02-03 04:23:39,473 - INFO - Using injective.cpu for layout_transform based on highest priority (10)
2025-02-03 04:23:39,483 - INFO - Using injective.cpu for add based on highest priority (10)
2025-02-03 04:23:39,489 - INFO - Using injective.cpu for layout_transform based on highest priority (10)
2025-02-03 04:23:39,495 - INFO - Using injective.cpu for add based on highest priority (10)
2025-02-03 04:23:39,502 - INFO - Using injective.cpu for nn.relu based on highest priority (10)
2025-02-03 04:23:39,507 - INFO - Using injective.cpu for layout_transform based on highest priority (10)
2025-02-03 04:23:39,545 - INFO - Using pool.cpu for nn.max_pool2d based on highest priority (10)
2025-02-03 04:23:39,556 - INFO - Using injective.cpu for layout_transform based on highest priority (10)
2025-02-03 04:23:39,563 - INFO - Using injective.cpu for layout_transform based on highest priority (10)
2025-02-03 04:23:39,571 - INFO - Using conv2d_NCHWc.x86 for nn.contrib_conv2d_NCHWc based on highest priority (10)
2025-02-03 04:23:39,584 - INFO - Using injective.cpu for expand_dims based on highest priority (10)
2025-02-03 04:23:39,594 - INFO - Using injective.cpu for expand_dims based on highest priority (10)
2025-02-03 04:23:39,600 - INFO - Using injective.cpu for layout_transform based on highest priority (10)
2025-02-03 04:23:39,607 - INFO - Using injective.cpu for add based on highest priority (10)
2025-02-03 04:23:39,613 - INFO - Using injective.cpu for layout_transform based on highest priority (10)
2025-02-03 04:23:39,618 - INFO - Using injective.cpu for add based on highest priority (10)
2025-02-03 04:23:39,624 - INFO - Using injective.cpu for nn.relu based on highest priority (10)
2025-02-03 04:23:39,640 - INFO - Using injective.cpu for layout_transform based on highest priority (10)
2025-02-03 04:23:39,677 - INFO - Using injective.cpu for layout_transform based on highest priority (10)
2025-02-03 04:23:39,684 - INFO - Using injective.cpu for layout_transform based on highest priority (10)
2025-02-03 04:23:39,692 - INFO - Using conv2d_NCHWc.x86 for nn.contrib_conv2d_NCHWc based on highest priority (10)
2025-02-03 04:23:39,696 - INFO - Using injective.cpu for expand_dims based on highest priority (10)
2025-02-03 04:23:39,700 - INFO - Using injective.cpu for expand_dims based on highest priority (10)
2025-02-03 04:23:39,705 - INFO - Using injective.cpu for layout_transform based on highest priority (10)
2025-02-03 04:23:39,711 - INFO - Using injective.cpu for add based on highest priority (10)
2025-02-03 04:23:39,717 - INFO - Using injective.cpu for layout_transform based on highest priority (10)
2025-02-03 04:23:39,722 - INFO - Using injective.cpu for add based on highest priority (10)
2025-02-03 04:23:39,728 - INFO - Using injective.cpu for layout_transform based on highest priority (10)
2025-02-03 04:23:39,734 - INFO - Using injective.cpu for add based on highest priority (10)
2025-02-03 04:23:39,740 - INFO - Using injective.cpu for nn.relu based on highest priority (10)
2025-02-03 04:23:39,745 - INFO - Using injective.cpu for layout_transform based on highest priority (10)
2025-02-03 04:23:39,779 - INFO - Using injective.cpu for layout_transform based on highest priority (10)
2025-02-03 04:23:39,785 - INFO - Using injective.cpu for layout_transform based on highest priority (10)
2025-02-03 04:23:39,793 - INFO - Using conv2d_NCHWc.x86 for nn.contrib_conv2d_NCHWc based on highest priority (10)
2025-02-03 04:23:39,797 - INFO - Using injective.cpu for expand_dims based on highest priority (10)
2025-02-03 04:23:39,801 - INFO - Using injective.cpu for expand_dims based on highest priority (10)
2025-02-03 04:23:39,806 - INFO - Using injective.cpu for layout_transform based on highest priority (10)
2025-02-03 04:23:39,812 - INFO - Using injective.cpu for add based on highest priority (10)
2025-02-03 04:23:39,818 - INFO - Using injective.cpu for layout_transform based on highest priority (10)
2025-02-03 04:23:39,824 - INFO - Using injective.cpu for add based on highest priority (10)
2025-02-03 04:23:39,830 - INFO - Using injective.cpu for nn.relu based on highest priority (10)
2025-02-03 04:23:39,835 - INFO - Using injective.cpu for layout_transform based on highest priority (10)
2025-02-03 04:23:39,870 - INFO - Using injective.cpu for layout_transform based on highest priority (10)
2025-02-03 04:23:39,877 - INFO - Using injective.cpu for layout_transform based on highest priority (10)
2025-02-03 04:23:39,884 - INFO - Using conv2d_NCHWc.x86 for nn.contrib_conv2d_NCHWc based on highest priority (10)
2025-02-03 04:23:39,887 - INFO - Using injective.cpu for expand_dims based on highest priority (10)
2025-02-03 04:23:39,892 - INFO - Using injective.cpu for expand_dims based on highest priority (10)
2025-02-03 04:23:39,897 - INFO - Using injective.cpu for layout_transform based on highest priority (10)
2025-02-03 04:23:39,903 - INFO - Using injective.cpu for add based on highest priority (10)
2025-02-03 04:23:39,908 - INFO - Using injective.cpu for layout_transform based on highest priority (10)
2025-02-03 04:23:39,914 - INFO - Using injective.cpu for add based on highest priority (10)
2025-02-03 04:23:39,918 - INFO - Using injective.cpu for layout_transform based on highest priority (10)
2025-02-03 04:23:39,943 - INFO - Using injective.cpu for layout_transform based on highest priority (10)
2025-02-03 04:23:39,949 - INFO - Using injective.cpu for layout_transform based on highest priority (10)
2025-02-03 04:23:39,959 - INFO - Using conv2d_NCHWc.x86 for nn.contrib_conv2d_NCHWc based on highest priority (10)
2025-02-03 04:23:39,962 - INFO - Using injective.cpu for expand_dims based on highest priority (10)
2025-02-03 04:23:39,967 - INFO - Using injective.cpu for expand_dims based on highest priority (10)
2025-02-03 04:23:39,972 - INFO - Using injective.cpu for layout_transform based on highest priority (10)
2025-02-03 04:23:39,978 - INFO - Using injective.cpu for add based on highest priority (10)
2025-02-03 04:23:39,984 - INFO - Using injective.cpu for layout_transform based on highest priority (10)
2025-02-03 04:23:39,989 - INFO - Using injective.cpu for add based on highest priority (10)
2025-02-03 04:23:39,995 - INFO - Using injective.cpu for layout_transform based on highest priority (10)
2025-02-03 04:23:40,001 - INFO - Using injective.cpu for add based on highest priority (10)
2025-02-03 04:23:40,007 - INFO - Using injective.cpu for nn.relu based on highest priority (10)
2025-02-03 04:23:40,012 - INFO - Using injective.cpu for layout_transform based on highest priority (10)
2025-02-03 04:23:40,059 - INFO - Using injective.cpu for layout_transform based on highest priority (10)
2025-02-03 04:23:40,065 - INFO - Using injective.cpu for layout_transform based on highest priority (10)
2025-02-03 04:23:40,073 - INFO - Using conv2d_NCHWc.x86 for nn.contrib_conv2d_NCHWc based on highest priority (10)
2025-02-03 04:23:40,077 - INFO - Using injective.cpu for expand_dims based on highest priority (10)
2025-02-03 04:23:40,081 - INFO - Using injective.cpu for expand_dims based on highest priority (10)
2025-02-03 04:23:40,087 - INFO - Using injective.cpu for layout_transform based on highest priority (10)
2025-02-03 04:23:40,092 - INFO - Using injective.cpu for add based on highest priority (10)
2025-02-03 04:23:40,098 - INFO - Using injective.cpu for layout_transform based on highest priority (10)
2025-02-03 04:23:40,104 - INFO - Using injective.cpu for add based on highest priority (10)
2025-02-03 04:23:40,110 - INFO - Using injective.cpu for nn.relu based on highest priority (10)
2025-02-03 04:23:40,114 - INFO - Using injective.cpu for layout_transform based on highest priority (10)
2025-02-03 04:23:40,162 - INFO - Using injective.cpu for layout_transform based on highest priority (10)
2025-02-03 04:23:40,168 - INFO - Using injective.cpu for layout_transform based on highest priority (10)
2025-02-03 04:23:40,177 - INFO - Using conv2d_NCHWc.x86 for nn.contrib_conv2d_NCHWc based on highest priority (10)
2025-02-03 04:23:40,181 - INFO - Using injective.cpu for expand_dims based on highest priority (10)
2025-02-03 04:23:40,186 - INFO - Using injective.cpu for expand_dims based on highest priority (10)
2025-02-03 04:23:40,191 - INFO - Using injective.cpu for layout_transform based on highest priority (10)
2025-02-03 04:23:40,197 - INFO - Using injective.cpu for add based on highest priority (10)
2025-02-03 04:23:40,203 - INFO - Using injective.cpu for layout_transform based on highest priority (10)
2025-02-03 04:23:40,209 - INFO - Using injective.cpu for add based on highest priority (10)
2025-02-03 04:23:40,215 - INFO - Using injective.cpu for nn.relu based on highest priority (10)
2025-02-03 04:23:40,219 - INFO - Using injective.cpu for layout_transform based on highest priority (10)
2025-02-03 04:23:40,248 - INFO - Using injective.cpu for layout_transform based on highest priority (10)
2025-02-03 04:23:40,254 - INFO - Using injective.cpu for layout_transform based on highest priority (10)
2025-02-03 04:23:40,262 - INFO - Using conv2d_NCHWc.x86 for nn.contrib_conv2d_NCHWc based on highest priority (10)
2025-02-03 04:23:40,265 - INFO - Using injective.cpu for expand_dims based on highest priority (10)
2025-02-03 04:23:40,270 - INFO - Using injective.cpu for expand_dims based on highest priority (10)
2025-02-03 04:23:40,276 - INFO - Using injective.cpu for layout_transform based on highest priority (10)
2025-02-03 04:23:40,281 - INFO - Using injective.cpu for add based on highest priority (10)
2025-02-03 04:23:40,287 - INFO - Using injective.cpu for layout_transform based on highest priority (10)
2025-02-03 04:23:40,292 - INFO - Using injective.cpu for add based on highest priority (10)
2025-02-03 04:23:40,297 - INFO - Using injective.cpu for layout_transform based on highest priority (10)
2025-02-03 04:23:40,317 - INFO - Using injective.cpu for layout_transform based on highest priority (10)
2025-02-03 04:23:40,324 - INFO - Using injective.cpu for layout_transform based on highest priority (10)
2025-02-03 04:23:40,331 - INFO - Using conv2d_NCHWc.x86 for nn.contrib_conv2d_NCHWc based on highest priority (10)
2025-02-03 04:23:40,336 - INFO - Using injective.cpu for expand_dims based on highest priority (10)
2025-02-03 04:23:40,340 - INFO - Using injective.cpu for expand_dims based on highest priority (10)
2025-02-03 04:23:40,345 - INFO - Using injective.cpu for layout_transform based on highest priority (10)
2025-02-03 04:23:40,351 - INFO - Using injective.cpu for add based on highest priority (10)
2025-02-03 04:23:40,356 - INFO - Using injective.cpu for layout_transform based on highest priority (10)
2025-02-03 04:23:40,362 - INFO - Using injective.cpu for add based on highest priority (10)
2025-02-03 04:23:40,367 - INFO - Using injective.cpu for layout_transform based on highest priority (10)
2025-02-03 04:23:40,373 - INFO - Using injective.cpu for add based on highest priority (10)
2025-02-03 04:23:40,378 - INFO - Using injective.cpu for nn.relu based on highest priority (10)
2025-02-03 04:23:40,383 - INFO - Using injective.cpu for layout_transform based on highest priority (10)
2025-02-03 04:23:40,462 - INFO - Using injective.cpu for layout_transform based on highest priority (10)
2025-02-03 04:23:40,478 - INFO - Using injective.cpu for layout_transform based on highest priority (10)
2025-02-03 04:23:40,493 - INFO - Using conv2d_NCHWc.x86 for nn.contrib_conv2d_NCHWc based on highest priority (10)
2025-02-03 04:23:40,499 - INFO - Using injective.cpu for expand_dims based on highest priority (10)
2025-02-03 04:23:40,504 - INFO - Using injective.cpu for expand_dims based on highest priority (10)
2025-02-03 04:23:40,517 - INFO - Using injective.cpu for layout_transform based on highest priority (10)
2025-02-03 04:23:40,524 - INFO - Using injective.cpu for add based on highest priority (10)
2025-02-03 04:23:40,534 - INFO - Using injective.cpu for layout_transform based on highest priority (10)
2025-02-03 04:23:40,540 - INFO - Using injective.cpu for add based on highest priority (10)
2025-02-03 04:23:40,547 - INFO - Using injective.cpu for nn.relu based on highest priority (10)
2025-02-03 04:23:40,552 - INFO - Using injective.cpu for layout_transform based on highest priority (10)
2025-02-03 04:23:40,585 - INFO - Using injective.cpu for layout_transform based on highest priority (10)
2025-02-03 04:23:40,602 - INFO - Using injective.cpu for layout_transform based on highest priority (10)
2025-02-03 04:23:40,615 - INFO - Using conv2d_NCHWc.x86 for nn.contrib_conv2d_NCHWc based on highest priority (10)
2025-02-03 04:23:40,618 - INFO - Using injective.cpu for expand_dims based on highest priority (10)
2025-02-03 04:23:40,623 - INFO - Using injective.cpu for expand_dims based on highest priority (10)
2025-02-03 04:23:40,629 - INFO - Using injective.cpu for layout_transform based on highest priority (10)
2025-02-03 04:23:40,635 - INFO - Using injective.cpu for add based on highest priority (10)
2025-02-03 04:23:40,640 - INFO - Using injective.cpu for layout_transform based on highest priority (10)
2025-02-03 04:23:40,646 - INFO - Using injective.cpu for add based on highest priority (10)
2025-02-03 04:23:40,672 - INFO - Using injective.cpu for nn.relu based on highest priority (10)
2025-02-03 04:23:40,677 - INFO - Using injective.cpu for layout_transform based on highest priority (10)
2025-02-03 04:23:40,702 - INFO - Using injective.cpu for reshape based on highest priority (10)
2025-02-03 04:23:40,708 - INFO - Using injective.cpu for layout_transform based on highest priority (10)
2025-02-03 04:23:40,714 - INFO - Using injective.cpu for layout_transform based on highest priority (10)
2025-02-03 04:23:40,722 - INFO - Using conv2d_NCHWc.x86 for nn.contrib_conv2d_NCHWc based on highest priority (10)
2025-02-03 04:23:40,726 - INFO - Using injective.cpu for expand_dims based on highest priority (10)
2025-02-03 04:23:40,731 - INFO - Using injective.cpu for expand_dims based on highest priority (10)
2025-02-03 04:23:40,737 - INFO - Using injective.cpu for layout_transform based on highest priority (10)
2025-02-03 04:23:40,743 - INFO - Using injective.cpu for add based on highest priority (10)
2025-02-03 04:23:40,749 - INFO - Using injective.cpu for layout_transform based on highest priority (10)
2025-02-03 04:23:40,768 - INFO - Using injective.cpu for add based on highest priority (10)
2025-02-03 04:23:40,774 - INFO - Using injective.cpu for layout_transform based on highest priority (10)
2025-02-03 04:23:40,793 - INFO - Using injective.cpu for layout_transform based on highest priority (10)
2025-02-03 04:23:40,799 - INFO - Using injective.cpu for layout_transform based on highest priority (10)
2025-02-03 04:23:40,807 - INFO - Using conv2d_NCHWc.x86 for nn.contrib_conv2d_NCHWc based on highest priority (10)
2025-02-03 04:23:40,811 - INFO - Using injective.cpu for expand_dims based on highest priority (10)
2025-02-03 04:23:40,815 - INFO - Using injective.cpu for expand_dims based on highest priority (10)
2025-02-03 04:23:40,821 - INFO - Using injective.cpu for layout_transform based on highest priority (10)
2025-02-03 04:23:40,827 - INFO - Using injective.cpu for add based on highest priority (10)
2025-02-03 04:23:40,833 - INFO - Using injective.cpu for layout_transform based on highest priority (10)
2025-02-03 04:23:40,838 - INFO - Using injective.cpu for add based on highest priority (10)
2025-02-03 04:23:40,844 - INFO - Using injective.cpu for layout_transform based on highest priority (10)
2025-02-03 04:23:40,850 - INFO - Using injective.cpu for add based on highest priority (10)
2025-02-03 04:23:40,856 - INFO - Using injective.cpu for nn.relu based on highest priority (10)
2025-02-03 04:23:40,860 - INFO - Using injective.cpu for layout_transform based on highest priority (10)
2025-02-03 04:23:40,892 - INFO - Using injective.cpu for layout_transform based on highest priority (10)
2025-02-03 04:23:40,898 - INFO - Using injective.cpu for layout_transform based on highest priority (10)
2025-02-03 04:23:40,906 - INFO - Using conv2d_NCHWc.x86 for nn.contrib_conv2d_NCHWc based on highest priority (10)
2025-02-03 04:23:40,910 - INFO - Using injective.cpu for expand_dims based on highest priority (10)
2025-02-03 04:23:40,914 - INFO - Using injective.cpu for expand_dims based on highest priority (10)
2025-02-03 04:23:40,920 - INFO - Using injective.cpu for layout_transform based on highest priority (10)
2025-02-03 04:23:40,925 - INFO - Using injective.cpu for add based on highest priority (10)
2025-02-03 04:23:40,931 - INFO - Using injective.cpu for layout_transform based on highest priority (10)
2025-02-03 04:23:40,936 - INFO - Using injective.cpu for add based on highest priority (10)
2025-02-03 04:23:40,942 - INFO - Using injective.cpu for nn.relu based on highest priority (10)
2025-02-03 04:23:40,947 - INFO - Using injective.cpu for layout_transform based on highest priority (10)
2025-02-03 04:23:40,976 - INFO - Using adaptive_pool.cpu for nn.global_avg_pool2d based on highest priority (10)
2025-02-03 04:23:40,981 - INFO - Using injective.cpu for squeeze based on highest priority (10)
2025-02-03 04:23:40,987 - INFO - Using injective.cpu for layout_transform based on highest priority (10)
2025-02-03 04:23:40,991 - INFO - Using dense_pack.x86 for nn.contrib_dense_pack based on highest priority (10)
2025-02-03 04:23:40,993 - INFO - Using injective.cpu for expand_dims based on highest priority (10)
2025-02-03 04:23:40,996 - INFO - Using injective.cpu for add based on highest priority (10)
2025-02-03 04:23:41,020 - INFO - Using softmax.x86 for nn.softmax based on highest priority (10)
2025-02-03 04:23:46,765 - INFO - Compilation successful.
2025-02-03 04:23:53,135 - INFO - Compiled model saved in compiled_tvm_model
2025-02-03 04:23:53,136 - INFO - Loading the compiled model for execution...
2025-02-03 04:23:55,438 - INFO - Running inference...
2025-02-03 04:23:55,506 - INFO - Inference completed. Output shape: (1, 10)
2025-02-03 04:23:55,530 - INFO - Output saved as compiled_tvm_model/output.npy
2025-02-03 04:23:55,531 - INFO - TVM processing pipeline completed successfully!

(.venv) ayushmaan_fcb@Ayushmaan-Workstation:/mnt/d/MulticoreWare/FTTU-interns/Ayushmaan_Das/tvm_assignments$ 