
(.venv) D:\MulticoreWare\FTTU-interns\Ayushmaan_Das\python_assignments\Deep_Learning_TensorRT>python -m tf2onnx.convert --saved-model hypertuned_resnet34_fashion_mnist --output model.onnx --opset 13 
2025-01-24 15:06:39.724188: I tensorflow/core/util/port.cc:153] oneDNN custom operations are on. You may see slightly different numerical results due to floating-point round-off errors from different computation orders. To turn them off, set the environment variable `TF_ENABLE_ONEDNN_OPTS=0`.
2025-01-24 15:06:41.027560: I tensorflow/core/util/port.cc:153] oneDNN custom operations are on. You may see slightly different numerical results due to floating-point round-off errors from different computation orders. To turn them off, set the environment variable `TF_ENABLE_ONEDNN_OPTS=0`.
WARNING:tensorflow:From C:\Users\Asus vivobook\AppData\Roaming\Python\Python310\site-packages\tf2onnx\tf_loader.py:68: The name tf.reset_default_graph is deprecated. Please use tf.compat.v1.reset_default_graph instead.

WARNING:tensorflow:From C:\Users\Asus vivobook\AppData\Roaming\Python\Python310\site-packages\tf2onnx\tf_loader.py:72: The name tf.train.import_meta_graph is deprecated. Please use tf.compat.v1.train.import_meta_graph instead.

C:\Program Files\Python310\lib\runpy.py:126: RuntimeWarning: 'tf2onnx.convert' found in sys.modules after import of package 'tf2onnx', but prior to execution of 'tf2onnx.convert'; this may result in unpredictable behaviour
  warn(RuntimeWarning(msg))
2025-01-24 15:06:48.253371: I tensorflow/core/platform/cpu_feature_guard.cc:210] This TensorFlow binary is optimized to use available CPU instructions in performance-critical operations.
To enable the following instructions: AVX2 FMA, in other operations, rebuild TensorFlow with the appropriate compiler flags.
2025-01-24 15:06:48,254 - WARNING - '--tag' not specified for saved_model. Using --tag serve
2025-01-24 15:06:50,166 - INFO - Signatures found in model: [serve,serving_default].
2025-01-24 15:06:50,169 - WARNING - '--signature_def' not specified, using first signature: serve
2025-01-24 15:06:50,170 - INFO - Output names: ['output_0']
WARNING: All log messages before absl::InitializeLog() is called are written to STDERR
I0000 00:00:1737711410.200606   26300 devices.cc:76] Number of eligible GPUs (core count >= 8, compute capability >= 0.0): 0 (Note: TensorFlow was not compiled with CUDA or ROCm support)
I0000 00:00:1737711410.205931   26300 single_machine.cc:361] Starting new session
I0000 00:00:1737711414.179492   26300 devices.cc:76] Number of eligible GPUs (core count >= 8, compute capability >= 0.0): 0 (Note: TensorFlow was not compiled with CUDA or ROCm support)
I0000 00:00:1737711414.185382   26300 single_machine.cc:361] Starting new session
2025-01-24 15:06:57,072 - INFO - Using tensorflow=2.18.0, onnx=1.17.0, tf2onnx=1.16.1/15c810
2025-01-24 15:06:57,077 - INFO - Using opset <onnx, 13>
2025-01-24 15:06:57,709 - INFO - Computed 0 values for constant folding
2025-01-24 15:06:58,863 - INFO - Optimizing ONNX model
2025-01-24 15:07:09,944 - INFO - After optimization: Const +2 (147->149), GlobalAveragePool +1 (0->1), Identity -2 (2->0), ReduceMean -1 (1->0), Reshape +6 (0->6), Squeeze +1 (0->1), Transpose -74 (74->0)
2025-01-24 15:07:10,281 - INFO - 
2025-01-24 15:07:10,282 - INFO - Successfully converted TensorFlow model hypertuned_resnet34_fashion_mnist to ONNX
2025-01-24 15:07:10,285 - INFO - Model inputs: ['input_layer']
2025-01-24 15:07:10,285 - INFO - Model outputs: ['output_0']
2025-01-24 15:07:10,286 - INFO - ONNX model is saved at model.onnx

(.venv) D:\MulticoreWare\FTTU-interns\Ayushmaan_Das\python_assignments\Deep_Learning_TensorRT>